Drill report for PyKey87.kicad_pcb
Created on 9/11/2022 10:01:41 PM

Copper Layer Stackup:
    =============================================================
    L1 :  Front                     front
    L2 :  Back                      back


Drill file 'PyKey87-PTH.drl' contains
    plated through holes:
    =============================================================
    T1  0.305mm  0.0120"  (558 holes)
    T2  0.350mm  0.0138"  (9 holes)
    T3  0.600mm  0.0236"  (4 holes)  (with 4 slots)
    T4  1.000mm  0.0394"  (7 holes)
    T5  2.200mm  0.0866"  (8 holes)

    Total plated holes count 586


Drill file 'PyKey87-NPTH.drl' contains
    unplated through holes:
    =============================================================
    T1  0.650mm  0.0256"  (2 holes)
    T2  0.750mm  0.0295"  (2 holes)
    T3  0.900mm  0.0354"  (2 holes)
    T4  1.152mm  0.0454"  (2 holes)
    T5  1.500mm  0.0591"  (2 holes)
    T6  1.750mm  0.0689"  (174 holes)
    T7  3.000mm  0.1181"  (174 holes)
    T8  3.050mm  0.1201"  (10 holes)
    T9  4.000mm  0.1575"  (97 holes)

    Total unplated holes count 465
